2015-04-07 17:01:14,083 [Start Level Event Dispatcher] INFO  org.eclipse.jetty.server.Server - jetty-8.1.14.v20131031
2015-04-07 17:01:14,092 [Start Level Event Dispatcher] WARN  o.e.j.u.component.AbstractLifeCycle - FAILED SelectChannelConnector@0.0.0.0:80: java.net.BindException: Address already in use: bind
java.net.BindException: Address already in use: bind
	at sun.nio.ch.Net.bind0(Native Method) ~[na:1.7.0_51]
	at sun.nio.ch.Net.bind(Net.java:444) ~[na:1.7.0_51]
	at sun.nio.ch.Net.bind(Net.java:436) ~[na:1.7.0_51]
	at sun.nio.ch.ServerSocketChannelImpl.bind(ServerSocketChannelImpl.java:214) ~[na:1.7.0_51]
	at sun.nio.ch.ServerSocketAdaptor.bind(ServerSocketAdaptor.java:74) ~[na:1.7.0_51]
	at org.eclipse.jetty.server.nio.SelectChannelConnector.open(SelectChannelConnector.java:187) ~[org.eclipse.jetty.server_8.1.14.v20131031.jar:8.1.14.v20131031]
	at org.eclipse.jetty.server.AbstractConnector.doStart(AbstractConnector.java:316) ~[org.eclipse.jetty.server_8.1.14.v20131031.jar:8.1.14.v20131031]
	at org.eclipse.jetty.server.nio.SelectChannelConnector.doStart(SelectChannelConnector.java:265) ~[org.eclipse.jetty.server_8.1.14.v20131031.jar:8.1.14.v20131031]
	at org.eclipse.jetty.util.component.AbstractLifeCycle.start(AbstractLifeCycle.java:64) [org.eclipse.jetty.util_8.1.14.v20131031.jar:8.1.14.v20131031]
	at org.eclipse.jetty.server.Server.doStart(Server.java:293) [org.eclipse.jetty.server_8.1.14.v20131031.jar:8.1.14.v20131031]
	at org.eclipse.jetty.util.component.AbstractLifeCycle.start(AbstractLifeCycle.java:64) [org.eclipse.jetty.util_8.1.14.v20131031.jar:8.1.14.v20131031]
	at org.eclipse.equinox.http.jetty.internal.HttpServerManager.updated(HttpServerManager.java:113) [org.eclipse.equinox.http.jetty_3.0.100.v20130327-1442.jar:na]
	at org.eclipse.equinox.http.jetty.internal.Activator.start(Activator.java:62) [org.eclipse.equinox.http.jetty_3.0.100.v20130327-1442.jar:na]
	at org.eclipse.osgi.framework.internal.core.BundleContextImpl$1.run(BundleContextImpl.java:711) [org.eclipse.osgi_3.9.1.v20140110-1610.jar:na]
	at java.security.AccessController.doPrivileged(Native Method) [na:1.7.0_51]
	at org.eclipse.osgi.framework.internal.core.BundleContextImpl.startActivator(BundleContextImpl.java:702) [org.eclipse.osgi_3.9.1.v20140110-1610.jar:na]
	at org.eclipse.osgi.framework.internal.core.BundleContextImpl.start(BundleContextImpl.java:683) [org.eclipse.osgi_3.9.1.v20140110-1610.jar:na]
	at org.eclipse.osgi.framework.internal.core.BundleHost.startWorker(BundleHost.java:381) [org.eclipse.osgi_3.9.1.v20140110-1610.jar:na]
	at org.eclipse.osgi.framework.internal.core.AbstractBundle.resume(AbstractBundle.java:390) [org.eclipse.osgi_3.9.1.v20140110-1610.jar:na]
	at org.eclipse.osgi.framework.internal.core.Framework.resumeBundle(Framework.java:1176) [org.eclipse.osgi_3.9.1.v20140110-1610.jar:na]
	at org.eclipse.osgi.framework.internal.core.StartLevelManager.setBundleSL(StartLevelManager.java:670) [org.eclipse.osgi_3.9.1.v20140110-1610.jar:na]
	at org.eclipse.osgi.framework.internal.core.StartLevelManager.dispatchEvent(StartLevelManager.java:435) [org.eclipse.osgi_3.9.1.v20140110-1610.jar:na]
	at org.eclipse.osgi.framework.internal.core.StartLevelManager.dispatchEvent(StartLevelManager.java:1) [org.eclipse.osgi_3.9.1.v20140110-1610.jar:na]
	at org.eclipse.osgi.framework.eventmgr.EventManager.dispatchEvent(EventManager.java:230) [org.eclipse.osgi_3.9.1.v20140110-1610.jar:na]
	at org.eclipse.osgi.framework.eventmgr.EventManager$EventThread.run(EventManager.java:340) [org.eclipse.osgi_3.9.1.v20140110-1610.jar:na]
2015-04-07 17:01:14,094 [Start Level Event Dispatcher] WARN  o.e.j.u.component.AbstractLifeCycle - FAILED org.eclipse.jetty.server.Server@50b9d65b: java.net.BindException: Address already in use: bind
java.net.BindException: Address already in use: bind
	at sun.nio.ch.Net.bind0(Native Method) ~[na:1.7.0_51]
	at sun.nio.ch.Net.bind(Net.java:444) ~[na:1.7.0_51]
	at sun.nio.ch.Net.bind(Net.java:436) ~[na:1.7.0_51]
	at sun.nio.ch.ServerSocketChannelImpl.bind(ServerSocketChannelImpl.java:214) ~[na:1.7.0_51]
	at sun.nio.ch.ServerSocketAdaptor.bind(ServerSocketAdaptor.java:74) ~[na:1.7.0_51]
	at org.eclipse.jetty.server.nio.SelectChannelConnector.open(SelectChannelConnector.java:187) ~[org.eclipse.jetty.server_8.1.14.v20131031.jar:8.1.14.v20131031]
	at org.eclipse.jetty.server.AbstractConnector.doStart(AbstractConnector.java:316) ~[org.eclipse.jetty.server_8.1.14.v20131031.jar:8.1.14.v20131031]
	at org.eclipse.jetty.server.nio.SelectChannelConnector.doStart(SelectChannelConnector.java:265) ~[org.eclipse.jetty.server_8.1.14.v20131031.jar:8.1.14.v20131031]
	at org.eclipse.jetty.util.component.AbstractLifeCycle.start(AbstractLifeCycle.java:64) ~[org.eclipse.jetty.util_8.1.14.v20131031.jar:8.1.14.v20131031]
	at org.eclipse.jetty.server.Server.doStart(Server.java:293) ~[org.eclipse.jetty.server_8.1.14.v20131031.jar:8.1.14.v20131031]
	at org.eclipse.jetty.util.component.AbstractLifeCycle.start(AbstractLifeCycle.java:64) ~[org.eclipse.jetty.util_8.1.14.v20131031.jar:8.1.14.v20131031]
	at org.eclipse.equinox.http.jetty.internal.HttpServerManager.updated(HttpServerManager.java:113) [org.eclipse.equinox.http.jetty_3.0.100.v20130327-1442.jar:na]
	at org.eclipse.equinox.http.jetty.internal.Activator.start(Activator.java:62) [org.eclipse.equinox.http.jetty_3.0.100.v20130327-1442.jar:na]
	at org.eclipse.osgi.framework.internal.core.BundleContextImpl$1.run(BundleContextImpl.java:711) [org.eclipse.osgi_3.9.1.v20140110-1610.jar:na]
	at java.security.AccessController.doPrivileged(Native Method) [na:1.7.0_51]
	at org.eclipse.osgi.framework.internal.core.BundleContextImpl.startActivator(BundleContextImpl.java:702) [org.eclipse.osgi_3.9.1.v20140110-1610.jar:na]
	at org.eclipse.osgi.framework.internal.core.BundleContextImpl.start(BundleContextImpl.java:683) [org.eclipse.osgi_3.9.1.v20140110-1610.jar:na]
	at org.eclipse.osgi.framework.internal.core.BundleHost.startWorker(BundleHost.java:381) [org.eclipse.osgi_3.9.1.v20140110-1610.jar:na]
	at org.eclipse.osgi.framework.internal.core.AbstractBundle.resume(AbstractBundle.java:390) [org.eclipse.osgi_3.9.1.v20140110-1610.jar:na]
	at org.eclipse.osgi.framework.internal.core.Framework.resumeBundle(Framework.java:1176) [org.eclipse.osgi_3.9.1.v20140110-1610.jar:na]
	at org.eclipse.osgi.framework.internal.core.StartLevelManager.setBundleSL(StartLevelManager.java:670) [org.eclipse.osgi_3.9.1.v20140110-1610.jar:na]
	at org.eclipse.osgi.framework.internal.core.StartLevelManager.dispatchEvent(StartLevelManager.java:435) [org.eclipse.osgi_3.9.1.v20140110-1610.jar:na]
	at org.eclipse.osgi.framework.internal.core.StartLevelManager.dispatchEvent(StartLevelManager.java:1) [org.eclipse.osgi_3.9.1.v20140110-1610.jar:na]
	at org.eclipse.osgi.framework.eventmgr.EventManager.dispatchEvent(EventManager.java:230) [org.eclipse.osgi_3.9.1.v20140110-1610.jar:na]
	at org.eclipse.osgi.framework.eventmgr.EventManager$EventThread.run(EventManager.java:340) [org.eclipse.osgi_3.9.1.v20140110-1610.jar:na]
